<?xml version="1.0" encoding="UTF-8"?>
<testng-results skipped="0" failed="1" ignored="0" total="1" passed="0">
  <reporter-output>
  </reporter-output>
  <suite name="Command line suite" duration-ms="337070" started-at="2017-11-28T21:42:50Z" finished-at="2017-11-28T21:48:27Z">
    <groups>
    </groups>
    <test name="Command line test" duration-ms="337070" started-at="2017-11-28T21:42:50Z" finished-at="2017-11-28T21:48:27Z">
      <class name="com.org.dapps.shopsyFramework.toTest">
        <test-method status="PASS" signature="config()[pri:0, instance:com.org.dapps.shopsyFramework.toTest@4cb2c100]" name="config" is-config="true" duration-ms="676" started-at="2017-11-29T03:12:50Z" finished-at="2017-11-29T03:12:50Z">
          <reporter-output>
          </reporter-output>
        </test-method> <!-- config -->
        <test-method status="PASS" signature="initialize(java.lang.String)[pri:0, instance:com.org.dapps.shopsyFramework.toTest@4cb2c100]" name="initialize" is-config="true" duration-ms="34353" started-at="2017-11-29T03:12:50Z" finished-at="2017-11-29T03:13:25Z">
          <params>
            <param index="0">
              <value>
                <![CDATA[firefox]]>
              </value>
            </param>
          </params>
          <reporter-output>
          </reporter-output>
        </test-method> <!-- initialize -->
        <test-method status="FAIL" signature="samplerun()[pri:0, instance:com.org.dapps.shopsyFramework.toTest@4cb2c100]" name="samplerun" duration-ms="300136" started-at="2017-11-29T03:13:25Z" finished-at="2017-11-29T03:18:25Z">
          <exception class="java.lang.AssertionError">
            <message>
              <![CDATA[expected [true] but found [false]]]>
            </message>
            <full-stacktrace>
              <![CDATA[java.lang.AssertionError: expected [true] but found [false]
	at org.testng.Assert.fail(Assert.java:93)
	at org.testng.Assert.failNotEquals(Assert.java:512)
	at org.testng.Assert.assertEqualsImpl(Assert.java:134)
	at org.testng.Assert.assertEquals(Assert.java:115)
	at org.testng.Assert.assertEquals(Assert.java:304)
	at org.testng.Assert.assertEquals(Assert.java:314)
	at pages.homePage.gotoBaseURL(homePage.java:53)
	at com.org.dapps.shopsyFramework.toTest.samplerun(toTest.java:10)
	at sun.reflect.NativeMethodAccessorImpl.invoke0(Native Method)
	at sun.reflect.NativeMethodAccessorImpl.invoke(NativeMethodAccessorImpl.java:62)
	at sun.reflect.DelegatingMethodAccessorImpl.invoke(DelegatingMethodAccessorImpl.java:43)
	at java.lang.reflect.Method.invoke(Method.java:498)
	at org.testng.internal.MethodInvocationHelper.invokeMethod(MethodInvocationHelper.java:108)
	at org.testng.internal.Invoker.invokeMethod(Invoker.java:661)
	at org.testng.internal.Invoker.invokeTestMethod(Invoker.java:869)
	at org.testng.internal.Invoker.invokeTestMethods(Invoker.java:1193)
	at org.testng.internal.TestMethodWorker.invokeTestMethods(TestMethodWorker.java:126)
	at org.testng.internal.TestMethodWorker.run(TestMethodWorker.java:109)
	at org.testng.TestRunner.privateRun(TestRunner.java:744)
	at org.testng.TestRunner.run(TestRunner.java:602)
	at org.testng.SuiteRunner.runTest(SuiteRunner.java:380)
	at org.testng.SuiteRunner.runSequentially(SuiteRunner.java:375)
	at org.testng.SuiteRunner.privateRun(SuiteRunner.java:340)
	at org.testng.SuiteRunner.run(SuiteRunner.java:289)
	at org.testng.SuiteRunnerWorker.runSuite(SuiteRunnerWorker.java:52)
	at org.testng.SuiteRunnerWorker.run(SuiteRunnerWorker.java:86)
	at org.testng.TestNG.runSuitesSequentially(TestNG.java:1301)
	at org.testng.TestNG.runSuitesLocally(TestNG.java:1226)
	at org.testng.TestNG.runSuites(TestNG.java:1144)
	at org.testng.TestNG.run(TestNG.java:1115)
	at org.apache.maven.surefire.testng.TestNGExecutor.run(TestNGExecutor.java:77)
	at org.apache.maven.surefire.testng.TestNGDirectoryTestSuite.executeMulti(TestNGDirectoryTestSuite.java:159)
	at org.apache.maven.surefire.testng.TestNGDirectoryTestSuite.execute(TestNGDirectoryTestSuite.java:99)
	at org.apache.maven.surefire.testng.TestNGProvider.invoke(TestNGProvider.java:106)
	at sun.reflect.NativeMethodAccessorImpl.invoke0(Native Method)
	at sun.reflect.NativeMethodAccessorImpl.invoke(NativeMethodAccessorImpl.java:62)
	at sun.reflect.DelegatingMethodAccessorImpl.invoke(DelegatingMethodAccessorImpl.java:43)
	at java.lang.reflect.Method.invoke(Method.java:498)
	at org.apache.maven.surefire.util.ReflectionUtils.invokeMethodWithArray(ReflectionUtils.java:189)
	at org.apache.maven.surefire.booter.ProviderFactory$ProviderProxy.invoke(ProviderFactory.java:165)
	at org.apache.maven.surefire.booter.ProviderFactory.invokeProvider(ProviderFactory.java:85)
	at org.apache.maven.surefire.booter.ForkedBooter.runSuitesInProcess(ForkedBooter.java:115)
	at org.apache.maven.surefire.booter.ForkedBooter.main(ForkedBooter.java:75)
]]>
            </full-stacktrace>
          </exception> <!-- java.lang.AssertionError -->
          <reporter-output>
          </reporter-output>
        </test-method> <!-- samplerun -->
        <test-method status="PASS" signature="attachScreenshot(org.testng.ITestResult)[pri:0, instance:com.org.dapps.shopsyFramework.toTest@4cb2c100]" name="attachScreenshot" is-config="true" duration-ms="1208" started-at="2017-11-29T03:18:25Z" finished-at="2017-11-29T03:18:26Z">
          <params>
            <param index="0">
              <value>
                <![CDATA[[TestResult name=samplerun status=FAILURE method=toTest.samplerun()[pri:0, instance:com.org.dapps.shopsyFramework.toTest@4cb2c100] output={null}]]]>
              </value>
            </param>
          </params>
          <reporter-output>
          </reporter-output>
        </test-method> <!-- attachScreenshot -->
        <test-method status="PASS" signature="termination()[pri:0, instance:com.org.dapps.shopsyFramework.toTest@4cb2c100]" name="termination" is-config="true" duration-ms="1216" started-at="2017-11-29T03:18:26Z" finished-at="2017-11-29T03:18:27Z">
          <reporter-output>
          </reporter-output>
        </test-method> <!-- termination -->
        <test-method status="PASS" signature="finish()[pri:0, instance:com.org.dapps.shopsyFramework.toTest@4cb2c100]" name="finish" is-config="true" duration-ms="591" started-at="2017-11-29T03:18:27Z" finished-at="2017-11-29T03:18:28Z">
          <reporter-output>
          </reporter-output>
        </test-method> <!-- finish -->
      </class> <!-- com.org.dapps.shopsyFramework.toTest -->
    </test> <!-- Command line test -->
  </suite> <!-- Command line suite -->
</testng-results>
