<?xml version="1.0" encoding="UTF-8"?>
<testng-results skipped="0" failed="1" ignored="0" total="1" passed="0">
  <reporter-output>
  </reporter-output>
  <suite name="Suite" duration-ms="17363" started-at="2017-12-01T20:08:11Z" finished-at="2017-12-01T20:08:29Z">
    <groups>
    </groups>
    <test name="Test" duration-ms="17363" started-at="2017-12-01T20:08:11Z" finished-at="2017-12-01T20:08:29Z">
      <class name="com.org.dapps.tinAuto.fillFormTestScriptV1">
        <test-method status="PASS" signature="config()[pri:0, instance:com.org.dapps.tinAuto.fillFormTestScriptV1@1bce4f0a]" name="config" is-config="true" duration-ms="242" started-at="2017-12-02T01:38:11Z" finished-at="2017-12-02T01:38:11Z">
          <reporter-output>
          </reporter-output>
        </test-method> <!-- config -->
        <test-method status="PASS" signature="initialize(java.lang.String)[pri:0, instance:com.org.dapps.tinAuto.fillFormTestScriptV1@1bce4f0a]" name="initialize" is-config="true" duration-ms="16166" started-at="2017-12-02T01:38:11Z" finished-at="2017-12-02T01:38:28Z">
          <params>
            <param index="0">
              <value>
                <![CDATA[firefox]]>
              </value>
            </param>
          </params>
          <reporter-output>
          </reporter-output>
        </test-method> <!-- initialize -->
        <test-method status="FAIL" signature="testrun()[pri:0, instance:com.org.dapps.tinAuto.fillFormTestScriptV1@1bce4f0a]" name="testrun" duration-ms="716" started-at="2017-12-02T01:38:28Z" finished-at="2017-12-02T01:38:28Z">
          <exception class="java.lang.AssertionError">
            <message>
              <![CDATA[expected [true] but found [false]]]>
            </message>
            <full-stacktrace>
              <![CDATA[java.lang.AssertionError: expected [true] but found [false]
	at org.testng.Assert.fail(Assert.java:93)
	at org.testng.Assert.failNotEquals(Assert.java:512)
	at org.testng.Assert.assertEqualsImpl(Assert.java:134)
	at org.testng.Assert.assertEquals(Assert.java:115)
	at org.testng.Assert.assertEquals(Assert.java:304)
	at org.testng.Assert.assertEquals(Assert.java:314)
	at pages.tinHomePage.selectchallan(tinHomePage.java:30)
	at com.org.dapps.tinAuto.fillFormTestScriptV1.testrun(fillFormTestScriptV1.java:9)
	at sun.reflect.NativeMethodAccessorImpl.invoke0(Native Method)
	at sun.reflect.NativeMethodAccessorImpl.invoke(NativeMethodAccessorImpl.java:62)
	at sun.reflect.DelegatingMethodAccessorImpl.invoke(DelegatingMethodAccessorImpl.java:43)
	at java.lang.reflect.Method.invoke(Method.java:498)
	at org.testng.internal.MethodInvocationHelper.invokeMethod(MethodInvocationHelper.java:108)
	at org.testng.internal.Invoker.invokeMethod(Invoker.java:661)
	at org.testng.internal.Invoker.invokeTestMethod(Invoker.java:869)
	at org.testng.internal.Invoker.invokeTestMethods(Invoker.java:1193)
	at org.testng.internal.TestMethodWorker.invokeTestMethods(TestMethodWorker.java:126)
	at org.testng.internal.TestMethodWorker.run(TestMethodWorker.java:109)
	at org.testng.TestRunner.privateRun(TestRunner.java:744)
	at org.testng.TestRunner.run(TestRunner.java:602)
	at org.testng.SuiteRunner.runTest(SuiteRunner.java:380)
	at org.testng.SuiteRunner.runSequentially(SuiteRunner.java:375)
	at org.testng.SuiteRunner.privateRun(SuiteRunner.java:340)
	at org.testng.SuiteRunner.run(SuiteRunner.java:289)
	at org.testng.SuiteRunnerWorker.runSuite(SuiteRunnerWorker.java:52)
	at org.testng.SuiteRunnerWorker.run(SuiteRunnerWorker.java:86)
	at org.testng.TestNG.runSuitesSequentially(TestNG.java:1301)
	at org.testng.TestNG.runSuitesLocally(TestNG.java:1226)
	at org.testng.TestNG.runSuites(TestNG.java:1144)
	at org.testng.TestNG.run(TestNG.java:1115)
	at org.testng.remote.AbstractRemoteTestNG.run(AbstractRemoteTestNG.java:114)
	at org.testng.remote.RemoteTestNG.initAndRun(RemoteTestNG.java:251)
	at org.testng.remote.RemoteTestNG.main(RemoteTestNG.java:77)
]]>
            </full-stacktrace>
          </exception> <!-- java.lang.AssertionError -->
          <reporter-output>
          </reporter-output>
        </test-method> <!-- testrun -->
        <test-method status="PASS" signature="termination()[pri:0, instance:com.org.dapps.tinAuto.fillFormTestScriptV1@1bce4f0a]" name="termination" is-config="true" duration-ms="429" started-at="2017-12-02T01:38:28Z" finished-at="2017-12-02T01:38:29Z">
          <reporter-output>
          </reporter-output>
        </test-method> <!-- termination -->
        <test-method status="PASS" signature="finish()[pri:0, instance:com.org.dapps.tinAuto.fillFormTestScriptV1@1bce4f0a]" name="finish" is-config="true" duration-ms="622" started-at="2017-12-02T01:38:29Z" finished-at="2017-12-02T01:38:30Z">
          <reporter-output>
          </reporter-output>
        </test-method> <!-- finish -->
      </class> <!-- com.org.dapps.tinAuto.fillFormTestScriptV1 -->
    </test> <!-- Test -->
  </suite> <!-- Suite -->
</testng-results>
